<?xml version="1.0" encoding="UTF-8" standalone="yes"?><!DOCTYPE report PUBLIC "-//JACOCO//DTD Report 1.1//EN" "report.dtd"><report name="sslcontext-kickstart"><sessioninfo id="Hakans-MBP.lan-b1f564fe" start="1614068203616" dump="1614068226321"/><sessioninfo id="Hakans-MBP.lan-af33b2fd" start="1614068229773" dump="1614068235989"/><sessioninfo id="Hakans-MBP.lan-1a6868b3" start="1614068286984" dump="1614068308186"/><sessioninfo id="Hakans-MBP.lan-f291a0bd" start="1614068324350" dump="1614068344813"/></report>